{"name": "Кнопка oтмены заказа", "status": "skipped", "statusDetails": {"message": "XFAIL completed_order_window.is_displayed(), this a bug\n\nAssertionError: assert True is False\n +  where True = is_displayed()\n +    where is_displayed = <selenium.webdriver.remote.webelement.WebElement (session=\"70bd5dc2f99ac0758263dfb3358d49f4\", element=\"f.DD64200F36E435730A31E0417908F3AF.d.4E3899A92F25EAE77CA476D195E6332B.e.89\")>.is_displayed", "trace": "self = <tests.test_order_taxi.TestOrderTaxi object at 0x10517ecb0>, driver = <selenium.webdriver.chrome.webdriver.WebDriver (session=\"70bd5dc2f99ac0758263dfb3358d49f4\")>\n\n    @pytest.mark.xfail(reason='completed_order_window.is_displayed(), this a bug')\n    @allure.title('Кнопка oтмены заказа')\n    @allure.description('При нажатии кнопки \"Отмена\", окно закрывается')\n    def test_cancel_button(self, driver):\n        route = RouteSelection(driver)\n        taxi = OrderTaxi(driver)\n    \n        route.enter_from_address()\n        route.enter_where_address()\n        route.click_call_a_taxi_button()\n        taxi.order_a_taxi()\n    \n        completed_order_window = taxi.get_completed_order_window()\n    \n        taxi.click_cancel_button()\n    \n>       assert completed_order_window.is_displayed() is False\nE       assert True is False\nE        +  where True = is_displayed()\nE        +    where is_displayed = <selenium.webdriver.remote.webelement.WebElement (session=\"70bd5dc2f99ac0758263dfb3358d49f4\", element=\"f.DD64200F36E435730A31E0417908F3AF.d.4E3899A92F25EAE77CA476D195E6332B.e.89\")>.is_displayed\n\ntests/test_order_taxi.py:155: AssertionError"}, "description": "При нажатии кнопки \"Отмена\", окно закрывается", "steps": [{"name": "Заполни поле \"Откуда\"", "status": "passed", "start": 1761914982390, "stop": 1761914982495}, {"name": "Заполни поле \"Куда\"", "status": "passed", "start": 1761914982495, "stop": 1761914982561}, {"name": "Нажми на кнопку \"Вызвать такси\"", "status": "passed", "start": 1761914982561, "stop": 1761914982648}, {"name": "Нажми на кнопку \"Ввести номер и заказать\"", "status": "passed", "start": 1761914982648, "stop": 1761914982691}, {"name": "Проверь, что появилось окно совершенного заказа", "status": "passed", "start": 1761914982692, "stop": 1761915009176}, {"name": "Нажми на кнопку Отмена", "status": "passed", "start": 1761915009176, "stop": 1761915009218}], "start": 1761914982390, "stop": 1761915009221, "uuid": "f005504a-a5db-4a0d-9354-fd60abd5a366", "historyId": "b7a705d6f9108dd8095649ca947dc8c0", "testCaseId": "b7a705d6f9108dd8095649ca947dc8c0", "fullName": "tests.test_order_taxi.TestOrderTaxi#test_cancel_button", "labels": [{"name": "parentSuite", "value": "tests"}, {"name": "suite", "value": "test_order_taxi"}, {"name": "subSuite", "value": "TestOrderTaxi"}, {"name": "host", "value": "MacBook-Pro-Oksana.local"}, {"name": "thread", "value": "85795-MainThread"}, {"name": "framework", "value": "pytest"}, {"name": "language", "value": "cpython3"}, {"name": "package", "value": "tests.test_order_taxi"}], "titlePath": ["tests", "test_order_taxi.py", "TestOrderTaxi"]}